This is e-TeX, Version 3.14159-2.1 (Web2C 7.4.5) (format=latex 2005.1.14)  2 MAY 2006 21:40
entering extended mode
**thesis.tex
(./thesis.tex
LaTeX2e <2001/06/01>
Babel <v3.7h> and hyphenation patterns for american, french, german, ngerman, b
ahasa, basque, catalan, croatian, czech, danish, dutch, finnish, greek, iceland
ic, irish, italian, latin, magyar, norsk, norsk, portuges, romanian, russian, s
lovak, slovene, spanish, swedish, turkish, ukrainian, nohyphenation, loaded.
(/usr/share/texmf/tex/latex/base/report.cls
Document Class: report 2001/04/21 v1.4e Standard LaTeX document class
(/usr/share/texmf/tex/latex/base/fleqn.clo
File: fleqn.clo 1998/08/17 v1.1c Standard LaTeX option (flush left equations)
\mathindent=\dimen102
)
(/usr/share/texmf/tex/latex/base/size11.clo
File: size11.clo 2001/04/21 v1.4e Standard LaTeX file (size option)
)
\c@part=\count79
\c@chapter=\count80
\c@section=\count81
\c@subsection=\count82
\c@subsubsection=\count83
\c@paragraph=\count84
\c@subparagraph=\count85
\c@figure=\count86
\c@table=\count87
\abovecaptionskip=\skip41
\belowcaptionskip=\skip42
\bibindent=\dimen103
)
(/usr/share/texmf/tex/latex/base/fontenc.sty
Package: fontenc 2001/06/05 v1.94 Standard LaTeX package

(/usr/share/texmf/tex/latex/base/t1enc.def
File: t1enc.def 2001/06/05 v1.94 Standard LaTeX file
LaTeX Font Info:    Redeclaring font encoding T1 on input line 38.
))
(/usr/share/texmf/tex/latex/base/latexsym.sty
Package: latexsym 1998/08/17 v2.2e Standard LaTeX package (lasy symbols)
\symlasy=\mathgroup4
LaTeX Font Info:    Overwriting symbol font `lasy' in version `bold'
(Font)                  U/lasy/m/n --> U/lasy/b/n on input line 42.
)
(/usr/share/texmf/tex/latex/amsfonts/amssymb.sty
Package: amssymb 2002/01/22 v2.2d

(/usr/share/texmf/tex/latex/amsfonts/amsfonts.sty
Package: amsfonts 2001/10/25 v2.2f
\@emptytoks=\toks14
\symAMSa=\mathgroup5
\symAMSb=\mathgroup6
LaTeX Font Info:    Overwriting math alphabet `\mathfrak' in version `bold'
(Font)                  U/euf/m/n --> U/euf/b/n on input line 132.
))
(/usr/share/texmf/tex/latex/graphics/graphicx.sty
Package: graphicx 1999/02/16 v1.0f Enhanced LaTeX Graphics (DPC,SPQR)

(/usr/share/texmf/tex/latex/graphics/keyval.sty
Package: keyval 1999/03/16 v1.13 key=value parser (DPC)
\KV@toks@=\toks15
)
(/usr/share/texmf/tex/latex/graphics/graphics.sty
Package: graphics 2001/07/07 v1.0n Standard LaTeX Graphics (DPC,SPQR)

(/usr/share/texmf/tex/latex/graphics/trig.sty
Package: trig 1999/03/16 v1.09 sin cos tan (DPC)
)
(/usr/share/texmf/tex/latex/config/graphics.cfg
File: graphics.cfg 2001/08/31 v1.1 graphics configuration of teTeX/TeXLive
)
Package graphics Info: Driver file: dvips.def on input line 80.

(/usr/share/texmf/tex/latex/graphics/dvips.def
File: dvips.def 1999/02/16 v3.0i Driver-dependant file (DPC,SPQR)
))
\Gin@req@height=\dimen104
\Gin@req@width=\dimen105
)
(/usr/share/texmf/tex/latex/misc/float.sty
Package: float 2001/11/08 v1.3d Float enhancements (AL)
\c@float@type=\count88
\float@exts=\toks16
\float@box=\box26
\@float@everytoks=\toks17
\@floatcapt=\box27
)
(/usr/share/texmf/tex/latex/misc/psfrag.sty
Package: psfrag 1998/04/11 v3.04 PSfrag (MCG)
\pfg@pcount=\count89
\pfg@scount=\count90
\pfg@temp=\write3
) (./thesis.aux

LaTeX Warning: Label `boximage' multiply defined.


LaTeX Warning: Label `boximage' multiply defined.


LaTeX Warning: Label `SL64recovered' multiply defined.

)
\openout1 = `thesis.aux'.

LaTeX Font Info:    Checking defaults for OML/cmm/m/it on input line 15.
LaTeX Font Info:    ... okay on input line 15.
LaTeX Font Info:    Checking defaults for T1/cmr/m/n on input line 15.
LaTeX Font Info:    ... okay on input line 15.
LaTeX Font Info:    Checking defaults for OT1/cmr/m/n on input line 15.
LaTeX Font Info:    ... okay on input line 15.
LaTeX Font Info:    Checking defaults for OMS/cmsy/m/n on input line 15.
LaTeX Font Info:    ... okay on input line 15.
LaTeX Font Info:    Checking defaults for OMX/cmex/m/n on input line 15.
LaTeX Font Info:    ... okay on input line 15.
LaTeX Font Info:    Checking defaults for U/cmr/m/n on input line 15.
LaTeX Font Info:    ... okay on input line 15.
LaTeX Font Info:    Try loading font information for U+lasy on input line 18.
 (/usr/share/texmf/tex/latex/base/ulasy.fd
File: ulasy.fd 1998/08/17 v2.2e LaTeX symbol font definitions
)
LaTeX Font Info:    Try loading font information for U+msa on input line 18.

(/usr/share/texmf/tex/latex/amsfonts/umsa.fd
File: umsa.fd 2002/01/19 v2.2g AMS font definitions
)
LaTeX Font Info:    Try loading font information for U+msb on input line 18.

(/usr/share/texmf/tex/latex/amsfonts/umsb.fd
File: umsb.fd 2002/01/19 v2.2g AMS font definitions
) [1

]
Underfull \hbox (badness 10000) in paragraph at lines 21--25

 []


Underfull \hbox (badness 10000) in paragraph at lines 21--25

 []

[1

] (./thesis.toc)
\tf@toc=\write4
\openout4 = `thesis.toc'.

 [2

]
Chapter 1.
[3

] [4]
Underfull \hbox (badness 10000) in paragraph at lines 102--103

 []

[5]
Chapter 2.
[6

] [7] [8] [9]
Overfull \hbox (19.85416pt too wide) detected at line 280
$ []$ 
 []

File: singlestep.eps Graphic file (type eps)
<singlestep.eps>
File: fwt.eps Graphic file (type eps)
 <fwt.eps> [10]
File: ifwt.eps Graphic file (type eps)
 <ifwt.eps>
File: reconstruction.eps Graphic file (type eps)
 <reconstruction.eps> [11]
Overfull \hbox (60.47775pt too wide) detected at line 363
$ []$ 
 []

[12]
Chapter 3.
[13

] [14] [15] [16]
Chapter 4.
[17

]
Overfull \hbox (60.96739pt too wide) in alignment at lines 543--548
 [][][] []
 []

[18] [19]
Chapter 5.
[20

] [21] [22]
Appendix A.
File: boximage.eps Graphic file (type eps)
<boximage.eps>
File: boximage_line.eps Graphic file (type eps)
 <boximage_line.eps> [23

]
File: noiseball32.eps Graphic file (type eps)
 <noiseball32.eps> [24]
File: testimage.eps Graphic file (type eps)
 <testimage.eps>
File: 15scans.eps Graphic file (type eps)

<15scans.eps>
File: 20scans.eps Graphic file (type eps)
 <20scans.eps>
File: 25scans.eps Graphic file (type eps)
 <25scans.eps> [25]
File: kaczmarz.eps Graphic file (type eps)
 <kaczmarz.eps> [26]
File: phantom32orig.eps Graphic file (type eps)

<phantom32orig.eps>
File: phantom32_15_3_thresh_daubechies6.eps Graphic file (type eps)
 <phantom32_15_3_thresh_daubechies6.eps> [27]
File: phantom64_40_4.eps Graphic file (type eps)

<phantom64_40_4.eps>
File: phantom64_40_4_thresh.eps Graphic file (type eps)
 <phantom64_40_4_thresh.eps> [28] [29]
LaTeX Font Info:    Try loading font information for T1+cmtt on input line 821.


(/usr/share/texmf/tex/latex/base/t1cmtt.fd
File: t1cmtt.fd 1999/05/25 v2.5h Standard LaTeX font definitions
) [30

] [31] (./thesis.aux)

LaTeX Warning: There were multiply-defined labels.

 ) 
Here is how much of TeX's memory you used:
 1466 strings out of 95370
 16476 string characters out of 1188185
 62365 words of memory out of 1000001
 4499 multiletter control sequences out of 10000+50000
 18992 words of font info for 54 fonts, out of 500000 for 1000
 198 hyphenation exceptions out of 1000
 25i,13n,24p,1375b,376s stack positions out of 1500i,500n,5000p,200000b,5000s

Output written on thesis.dvi (32 pages, 88952 bytes).
